========================= Log Start =========================
[Log Time]:2020-01-07 14:17:37:
[Log Timestamp]:1578377857.8019
[Log Level]:info
[Send Heart Beat Url]:http://testserver.yichuangzone.com:8340/eureka
[Request Method]:PUT
[Send Heart Beat App Name]:test-php
[Send Heart Beat Result]:发送心跳成功！
[Send Heart Beat Response]:
========================== Log End ==========================

========================= Log Start =========================
[Log Time]:2020-01-07 14:18:07:
[Log Timestamp]:1578377887.9017
[Log Level]:info
[Send Heart Beat Url]:http://testserver.yichuangzone.com:8340/eureka
[Request Method]:PUT
[Send Heart Beat App Name]:test-php
[Send Heart Beat Result]:发送心跳成功！
[Send Heart Beat Response]:
========================== Log End ==========================

========================= Log Start =========================
[Log Time]:2020-01-07 14:18:37:
[Log Timestamp]:1578377917.9934
[Log Level]:info
[Send Heart Beat Url]:http://testserver.yichuangzone.com:8340/eureka
[Request Method]:PUT
[Send Heart Beat App Name]:test-php
[Send Heart Beat Result]:发送心跳成功！
[Send Heart Beat Response]:
========================== Log End ==========================

========================= Log Start =========================
[Log Time]:2020-01-07 14:19:08:
[Log Timestamp]:1578377948.0926
[Log Level]:info
[Send Heart Beat Url]:http://testserver.yichuangzone.com:8340/eureka
[Request Method]:PUT
[Send Heart Beat App Name]:test-php
[Send Heart Beat Result]:发送心跳成功！
[Send Heart Beat Response]:
========================== Log End ==========================

========================= Log Start =========================
[Log Time]:2020-01-07 14:19:38:
[Log Timestamp]:1578377978.2032
[Log Level]:info
[Send Heart Beat Url]:http://testserver.yichuangzone.com:8340/eureka
[Request Method]:PUT
[Send Heart Beat App Name]:test-php
[Send Heart Beat Result]:发送心跳成功！
[Send Heart Beat Response]:
========================== Log End ==========================

========================= Log Start =========================
[Log Time]:2020-01-07 14:20:08:
[Log Timestamp]:1578378008.3396
[Log Level]:info
[Send Heart Beat Url]:http://testserver.yichuangzone.com:8340/eureka
[Request Method]:PUT
[Send Heart Beat App Name]:test-php
[Send Heart Beat Result]:发送心跳成功！
[Send Heart Beat Response]:
========================== Log End ==========================

========================= Log Start =========================
[Log Time]:2020-01-07 14:20:38:
[Log Timestamp]:1578378038.444
[Log Level]:info
[Send Heart Beat Url]:http://testserver.yichuangzone.com:8340/eureka
[Request Method]:PUT
[Send Heart Beat App Name]:test-php
[Send Heart Beat Result]:发送心跳成功！
[Send Heart Beat Response]:
========================== Log End ==========================

========================= Log Start =========================
[Log Time]:2020-01-07 14:21:08:
[Log Timestamp]:1578378068.5434
[Log Level]:info
[Send Heart Beat Url]:http://testserver.yichuangzone.com:8340/eureka
[Request Method]:PUT
[Send Heart Beat App Name]:test-php
[Send Heart Beat Result]:发送心跳成功！
[Send Heart Beat Response]:
========================== Log End ==========================

========================= Log Start =========================
[Log Time]:2020-01-07 14:21:38:
[Log Timestamp]:1578378098.6907
[Log Level]:info
[Send Heart Beat Url]:http://testserver.yichuangzone.com:8340/eureka
[Request Method]:PUT
[Send Heart Beat App Name]:test-php
[Send Heart Beat Result]:发送心跳成功！
[Send Heart Beat Response]:
========================== Log End ==========================

========================= Log Start =========================
[Log Time]:2020-01-07 14:22:08:
[Log Timestamp]:1578378128.7542
[Log Level]:info
[Send Heart Beat Url]:http://testserver.yichuangzone.com:8340/eureka
[Request Method]:PUT
[Send Heart Beat App Name]:test-php
[Send Heart Beat Result]:发送心跳成功！
[Send Heart Beat Response]:
========================== Log End ==========================

========================= Log Start =========================
[Log Time]:2020-01-07 14:22:38:
[Log Timestamp]:1578378158.8544
[Log Level]:info
[Send Heart Beat Url]:http://testserver.yichuangzone.com:8340/eureka
[Request Method]:PUT
[Send Heart Beat App Name]:test-php
[Send Heart Beat Result]:发送心跳成功！
[Send Heart Beat Response]:
========================== Log End ==========================

========================= Log Start =========================
[Log Time]:2020-01-07 14:23:08:
[Log Timestamp]:1578378188.8818
[Log Level]:info
[Send Heart Beat Url]:http://testserver.yichuangzone.com:8340/eureka
[Request Method]:PUT
[Send Heart Beat App Name]:test-php
[Send Heart Beat Result]:发送心跳成功！
[Send Heart Beat Response]:
========================== Log End ==========================

========================= Log Start =========================
[Log Time]:2020-01-07 14:23:38:
[Log Timestamp]:1578378218.9859
[Log Level]:info
[Send Heart Beat Url]:http://testserver.yichuangzone.com:8340/eureka
[Request Method]:PUT
[Send Heart Beat App Name]:test-php
[Send Heart Beat Result]:发送心跳成功！
[Send Heart Beat Response]:
========================== Log End ==========================

========================= Log Start =========================
[Log Time]:2020-01-07 14:24:09:
[Log Timestamp]:1578378249.0092
[Log Level]:info
[Send Heart Beat Url]:http://testserver.yichuangzone.com:8340/eureka
[Request Method]:PUT
[Send Heart Beat App Name]:test-php
[Send Heart Beat Result]:发送心跳成功！
[Send Heart Beat Response]:
========================== Log End ==========================

========================= Log Start =========================
[Log Time]:2020-01-07 14:24:39:
[Log Timestamp]:1578378279.113
[Log Level]:info
[Send Heart Beat Url]:http://testserver.yichuangzone.com:8340/eureka
[Request Method]:PUT
[Send Heart Beat App Name]:test-php
[Send Heart Beat Result]:发送心跳成功！
[Send Heart Beat Response]:
========================== Log End ==========================

========================= Log Start =========================
[Log Time]:2020-01-07 14:25:09:
[Log Timestamp]:1578378309.2083
[Log Level]:info
[Send Heart Beat Url]:http://testserver.yichuangzone.com:8340/eureka
[Request Method]:PUT
[Send Heart Beat App Name]:test-php
[Send Heart Beat Result]:发送心跳成功！
[Send Heart Beat Response]:
========================== Log End ==========================

========================= Log Start =========================
[Log Time]:2020-01-07 14:25:39:
[Log Timestamp]:1578378339.3079
[Log Level]:info
[Send Heart Beat Url]:http://testserver.yichuangzone.com:8340/eureka
[Request Method]:PUT
[Send Heart Beat App Name]:test-php
[Send Heart Beat Result]:发送心跳成功！
[Send Heart Beat Response]:
========================== Log End ==========================

========================= Log Start =========================
[Log Time]:2020-01-07 14:26:10:
[Log Timestamp]:1578378370.1993
[Log Level]:info
[Send Heart Beat Url]:http://testserver.yichuangzone.com:8340/eureka
[Request Method]:PUT
[Send Heart Beat App Name]:test-php
[Send Heart Beat Result]:发送心跳成功！
[Send Heart Beat Response]:
========================== Log End ==========================

========================= Log Start =========================
[Log Time]:2020-01-07 14:26:40:
[Log Timestamp]:1578378400.2993
[Log Level]:info
[Send Heart Beat Url]:http://testserver.yichuangzone.com:8340/eureka
[Request Method]:PUT
[Send Heart Beat App Name]:test-php
[Send Heart Beat Result]:发送心跳成功！
[Send Heart Beat Response]:
========================== Log End ==========================

========================= Log Start =========================
[Log Time]:2020-01-07 14:27:10:
[Log Timestamp]:1578378430.395
[Log Level]:info
[Send Heart Beat Url]:http://testserver.yichuangzone.com:8340/eureka
[Request Method]:PUT
[Send Heart Beat App Name]:test-php
[Send Heart Beat Result]:发送心跳成功！
[Send Heart Beat Response]:
========================== Log End ==========================

========================= Log Start =========================
[Log Time]:2020-01-07 14:27:40:
[Log Timestamp]:1578378460.5002
[Log Level]:info
[Send Heart Beat Url]:http://testserver.yichuangzone.com:8340/eureka
[Request Method]:PUT
[Send Heart Beat App Name]:test-php
[Send Heart Beat Result]:发送心跳成功！
[Send Heart Beat Response]:
========================== Log End ==========================

========================= Log Start =========================
[Log Time]:2020-01-07 14:28:10:
[Log Timestamp]:1578378490.5222
[Log Level]:info
[Send Heart Beat Url]:http://testserver.yichuangzone.com:8340/eureka
[Request Method]:PUT
[Send Heart Beat App Name]:test-php
[Send Heart Beat Result]:发送心跳成功！
[Send Heart Beat Response]:
========================== Log End ==========================

========================= Log Start =========================
[Log Time]:2020-01-07 14:28:40:
[Log Timestamp]:1578378520.6215
[Log Level]:info
[Send Heart Beat Url]:http://testserver.yichuangzone.com:8340/eureka
[Request Method]:PUT
[Send Heart Beat App Name]:test-php
[Send Heart Beat Result]:发送心跳成功！
[Send Heart Beat Response]:
========================== Log End ==========================

========================= Log Start =========================
[Log Time]:2020-01-07 14:29:10:
[Log Timestamp]:1578378550.7173
[Log Level]:info
[Send Heart Beat Url]:http://testserver.yichuangzone.com:8340/eureka
[Request Method]:PUT
[Send Heart Beat App Name]:test-php
[Send Heart Beat Result]:发送心跳成功！
[Send Heart Beat Response]:
========================== Log End ==========================

========================= Log Start =========================
[Log Time]:2020-01-07 14:29:40:
[Log Timestamp]:1578378580.8131
[Log Level]:info
[Send Heart Beat Url]:http://testserver.yichuangzone.com:8340/eureka
[Request Method]:PUT
[Send Heart Beat App Name]:test-php
[Send Heart Beat Result]:发送心跳成功！
[Send Heart Beat Response]:
========================== Log End ==========================

========================= Log Start =========================
[Log Time]:2020-01-07 14:30:10:
[Log Timestamp]:1578378610.9129
[Log Level]:info
[Send Heart Beat Url]:http://testserver.yichuangzone.com:8340/eureka
[Request Method]:PUT
[Send Heart Beat App Name]:test-php
[Send Heart Beat Result]:发送心跳成功！
[Send Heart Beat Response]:
========================== Log End ==========================

========================= Log Start =========================
[Log Time]:2020-01-07 14:30:40:
[Log Timestamp]:1578378640.9402
[Log Level]:info
[Send Heart Beat Url]:http://testserver.yichuangzone.com:8340/eureka
[Request Method]:PUT
[Send Heart Beat App Name]:test-php
[Send Heart Beat Result]:发送心跳成功！
[Send Heart Beat Response]:
========================== Log End ==========================

========================= Log Start =========================
[Log Time]:2020-01-07 14:31:11:
[Log Timestamp]:1578378671.0403
[Log Level]:info
[Send Heart Beat Url]:http://testserver.yichuangzone.com:8340/eureka
[Request Method]:PUT
[Send Heart Beat App Name]:test-php
[Send Heart Beat Result]:发送心跳成功！
[Send Heart Beat Response]:
========================== Log End ==========================

========================= Log Start =========================
[Log Time]:2020-01-07 14:31:41:
[Log Timestamp]:1578378701.0637
[Log Level]:info
[Send Heart Beat Url]:http://testserver.yichuangzone.com:8340/eureka
[Request Method]:PUT
[Send Heart Beat App Name]:test-php
[Send Heart Beat Result]:发送心跳成功！
[Send Heart Beat Response]:
========================== Log End ==========================

========================= Log Start =========================
[Log Time]:2020-01-07 14:32:11:
[Log Timestamp]:1578378731.1671
[Log Level]:info
[Send Heart Beat Url]:http://testserver.yichuangzone.com:8340/eureka
[Request Method]:PUT
[Send Heart Beat App Name]:test-php
[Send Heart Beat Result]:发送心跳成功！
[Send Heart Beat Response]:
========================== Log End ==========================

========================= Log Start =========================
[Log Time]:2020-01-07 14:32:41:
[Log Timestamp]:1578378761.2711
[Log Level]:info
[Send Heart Beat Url]:http://testserver.yichuangzone.com:8340/eureka
[Request Method]:PUT
[Send Heart Beat App Name]:test-php
[Send Heart Beat Result]:发送心跳成功！
[Send Heart Beat Response]:
========================== Log End ==========================

========================= Log Start =========================
[Log Time]:2020-01-07 14:33:11:
[Log Timestamp]:1578378791.3704
[Log Level]:info
[Send Heart Beat Url]:http://testserver.yichuangzone.com:8340/eureka
[Request Method]:PUT
[Send Heart Beat App Name]:test-php
[Send Heart Beat Result]:发送心跳成功！
[Send Heart Beat Response]:
========================== Log End ==========================

========================= Log Start =========================
[Log Time]:2020-01-07 14:33:41:
[Log Timestamp]:1578378821.3945
[Log Level]:info
[Send Heart Beat Url]:http://testserver.yichuangzone.com:8340/eureka
[Request Method]:PUT
[Send Heart Beat App Name]:test-php
[Send Heart Beat Result]:发送心跳成功！
[Send Heart Beat Response]:
========================== Log End ==========================

